<?xml version="1.0" encoding="UTF-8"?>
<robot generator="Robot 4.0.3 (Python 3.9.5 on win32)" generated="20210830 10:15:11.738" rpa="false" schemaversion="2">
<suite id="s1" name="TesteBuscaSite" source="D:\DesafioTeste\Desafio\testes\TesteBuscaSite.robot">
<test id="s1-t1" name="Pesquisar produto 01">
<kw name="Abrir navegador" library="Resource" type="SETUP">
<kw name="Open Browser" library="SeleniumLibrary">
<arg>${URL}</arg>
<arg>${BROWSER}</arg>
<doc>Opens a new browser instance to the optional ``url``.</doc>
<msg timestamp="20210830 10:15:12.020" level="INFO">Opening browser 'firefox' to base url 'https://www.kabum.com.br/'.</msg>
<msg timestamp="20210830 10:15:12.020" level="INFO">Firefox driver log is always forced to to: D:\DesafioTeste\Desafio\results\geckodriver-1.log</msg>
<status status="PASS" starttime="20210830 10:15:12.020" endtime="20210830 10:15:28.302"/>
</kw>
<status status="PASS" starttime="20210830 10:15:12.020" endtime="20210830 10:15:28.302"/>
</kw>
<kw name="Verificar se a página foi carregada" library="Resource">
<kw name="Title Should Be" library="SeleniumLibrary">
<arg>KaBuM! | Maior E-commerce de Tecnologia e Games da América Latina</arg>
<doc>Verifies that the current page title equals ``title``.</doc>
<msg timestamp="20210830 10:15:28.310" level="INFO">Page title is 'KaBuM! | Maior E-commerce de Tecnologia e Games da América Latina'.</msg>
<status status="PASS" starttime="20210830 10:15:28.302" endtime="20210830 10:15:28.310"/>
</kw>
<kw name="Wait Until Element Is Visible" library="SeleniumLibrary">
<arg>css=#input-busca</arg>
<doc>Waits until the element ``locator`` is visible.</doc>
<status status="PASS" starttime="20210830 10:15:28.314" endtime="20210830 10:15:28.354"/>
</kw>
<status status="PASS" starttime="20210830 10:15:28.302" endtime="20210830 10:15:28.354"/>
</kw>
<kw name="Digitar o produto &quot;Smartphone Samsung Galaxy A70&quot;" library="Resource" sourcename="Digitar o produto &quot;${PRODUTO}&quot;">
<kw name="Input Text" library="SeleniumLibrary">
<arg>id=input-busca</arg>
<arg>${PRODUTO}</arg>
<doc>Types the given ``text`` into the text field identified by ``locator``.</doc>
<msg timestamp="20210830 10:15:28.358" level="INFO">Typing text 'Smartphone Samsung Galaxy A70' into text field 'id=input-busca'.</msg>
<status status="PASS" starttime="20210830 10:15:28.358" endtime="20210830 10:15:28.438"/>
</kw>
<status status="PASS" starttime="20210830 10:15:28.354" endtime="20210830 10:15:28.438"/>
</kw>
<kw name="Clicar no botão pesquisar" library="Resource">
<kw name="Click Element" library="SeleniumLibrary">
<arg>css=#barraBuscaKabum &gt; div &gt; form &gt; button</arg>
<doc>Click the element identified by ``locator``.</doc>
<msg timestamp="20210830 10:15:28.442" level="INFO">Clicking element 'css=#barraBuscaKabum &gt; div &gt; form &gt; button'.</msg>
<status status="PASS" starttime="20210830 10:15:28.442" endtime="20210830 10:15:30.122"/>
</kw>
<status status="PASS" starttime="20210830 10:15:28.442" endtime="20210830 10:15:30.122"/>
</kw>
<kw name="Conferir se o produto Smartphone Samsung Galaxy A70 foi localizado" library="Resource">
<kw name="Title Should Be" library="SeleniumLibrary">
<arg>KaBuM! | Maior E-commerce de Tecnologia e Games da América Latina</arg>
<doc>Verifies that the current page title equals ``title``.</doc>
<msg timestamp="20210830 10:15:30.134" level="INFO">Page title is 'KaBuM! | Maior E-commerce de Tecnologia e Games da América Latina'.</msg>
<status status="PASS" starttime="20210830 10:15:30.126" endtime="20210830 10:15:30.134"/>
</kw>
<kw name="Wait Until Element Is Visible" library="SeleniumLibrary">
<arg>css=#input-busca</arg>
<doc>Waits until the element ``locator`` is visible.</doc>
<status status="PASS" starttime="20210830 10:15:30.134" endtime="20210830 10:15:30.290"/>
</kw>
<kw name="Wait Until Element Is Visible" library="SeleniumLibrary">
<arg>css=#listingBreadcrumbs</arg>
<doc>Waits until the element ``locator`` is visible.</doc>
<status status="PASS" starttime="20210830 10:15:30.290" endtime="20210830 10:15:31.497"/>
</kw>
<kw name="Wait Until Element Is Visible" library="SeleniumLibrary">
<arg>xpath=//*[@id="listing"]/article/section/div[2]//img[@src="https://images.kabum.com.br/produtos/fotos/sync_mirakl/157825/Smartphone-Samsung-Galaxy-A72-128GB-6GB-Ram-Tela-6-7-Preto_1629404352_m.jpg"]</arg>
<arg>timeout=10</arg>
<doc>Waits until the element ``locator`` is visible.</doc>
<status status="PASS" starttime="20210830 10:15:31.497" endtime="20210830 10:15:31.541"/>
</kw>
<status status="PASS" starttime="20210830 10:15:30.126" endtime="20210830 10:15:31.541"/>
</kw>
<kw name="Fechar navegador" library="Resource" type="TEARDOWN">
<kw name="Close Browser" library="SeleniumLibrary">
<doc>Closes the current browser.</doc>
<status status="PASS" starttime="20210830 10:15:31.541" endtime="20210830 10:15:34.333"/>
</kw>
<status status="PASS" starttime="20210830 10:15:31.541" endtime="20210830 10:15:34.333"/>
</kw>
<status status="PASS" starttime="20210830 10:15:12.020" endtime="20210830 10:15:34.333"/>
</test>
<test id="s1-t2" name="Pesquisar produto 02">
<kw name="Abrir navegador" library="Resource" type="SETUP">
<kw name="Open Browser" library="SeleniumLibrary">
<arg>${URL}</arg>
<arg>${BROWSER}</arg>
<doc>Opens a new browser instance to the optional ``url``.</doc>
<msg timestamp="20210830 10:15:34.333" level="INFO">Opening browser 'firefox' to base url 'https://www.kabum.com.br/'.</msg>
<msg timestamp="20210830 10:15:34.333" level="INFO">Firefox driver log is always forced to to: D:\DesafioTeste\Desafio\results\geckodriver-2.log</msg>
<status status="PASS" starttime="20210830 10:15:34.333" endtime="20210830 10:15:47.858"/>
</kw>
<status status="PASS" starttime="20210830 10:15:34.333" endtime="20210830 10:15:47.859"/>
</kw>
<kw name="Verificar se a página foi carregada" library="Resource">
<kw name="Title Should Be" library="SeleniumLibrary">
<arg>KaBuM! | Maior E-commerce de Tecnologia e Games da América Latina</arg>
<doc>Verifies that the current page title equals ``title``.</doc>
<msg timestamp="20210830 10:15:47.875" level="INFO">Page title is 'KaBuM! | Maior E-commerce de Tecnologia e Games da América Latina'.</msg>
<status status="PASS" starttime="20210830 10:15:47.861" endtime="20210830 10:15:47.875"/>
</kw>
<kw name="Wait Until Element Is Visible" library="SeleniumLibrary">
<arg>css=#input-busca</arg>
<doc>Waits until the element ``locator`` is visible.</doc>
<status status="PASS" starttime="20210830 10:15:47.875" endtime="20210830 10:15:48.828"/>
</kw>
<status status="PASS" starttime="20210830 10:15:47.859" endtime="20210830 10:15:48.829"/>
</kw>
<kw name="Digitar o produto &quot;Smartphone Motorola One Vision&quot;" library="Resource" sourcename="Digitar o produto &quot;${PRODUTO}&quot;">
<kw name="Input Text" library="SeleniumLibrary">
<arg>id=input-busca</arg>
<arg>${PRODUTO}</arg>
<doc>Types the given ``text`` into the text field identified by ``locator``.</doc>
<msg timestamp="20210830 10:15:48.832" level="INFO">Typing text 'Smartphone Motorola One Vision' into text field 'id=input-busca'.</msg>
<status status="PASS" starttime="20210830 10:15:48.831" endtime="20210830 10:15:48.925"/>
</kw>
<status status="PASS" starttime="20210830 10:15:48.830" endtime="20210830 10:15:48.925"/>
</kw>
<kw name="Clicar no botão pesquisar" library="Resource">
<kw name="Click Element" library="SeleniumLibrary">
<arg>css=#barraBuscaKabum &gt; div &gt; form &gt; button</arg>
<doc>Click the element identified by ``locator``.</doc>
<msg timestamp="20210830 10:15:48.929" level="INFO">Clicking element 'css=#barraBuscaKabum &gt; div &gt; form &gt; button'.</msg>
<status status="PASS" starttime="20210830 10:15:48.928" endtime="20210830 10:15:52.827"/>
</kw>
<status status="PASS" starttime="20210830 10:15:48.927" endtime="20210830 10:15:52.827"/>
</kw>
<kw name="Conferir se o produto Smartphone Motorola One Vision foi localizado" library="Resource">
<kw name="Title Should Be" library="SeleniumLibrary">
<arg>KaBuM! | Maior E-commerce de Tecnologia e Games da América Latina</arg>
<doc>Verifies that the current page title equals ``title``.</doc>
<msg timestamp="20210830 10:15:52.847" level="INFO">Page title is 'KaBuM! | Maior E-commerce de Tecnologia e Games da América Latina'.</msg>
<status status="PASS" starttime="20210830 10:15:52.835" endtime="20210830 10:15:52.847"/>
</kw>
<kw name="Wait Until Element Is Visible" library="SeleniumLibrary">
<arg>css=#input-busca</arg>
<doc>Waits until the element ``locator`` is visible.</doc>
<status status="PASS" starttime="20210830 10:15:52.847" endtime="20210830 10:15:52.874"/>
</kw>
<kw name="Wait Until Element Is Visible" library="SeleniumLibrary">
<arg>css=#listingBreadcrumbs</arg>
<doc>Waits until the element ``locator`` is visible.</doc>
<status status="PASS" starttime="20210830 10:15:52.874" endtime="20210830 10:15:52.902"/>
</kw>
<kw name="Wait Until Element Is Visible" library="SeleniumLibrary">
<arg>xpath=//*[@id="listing"]/article/section/div[2]/div/main/div[4]/a/img[@src="https://images.kabum.com.br/produtos/fotos/sync_mirakl/205284/Smartphone-Motorola-One-Vision-128Gb-Bronze-XT1970-1_1628706916_m.jpg"]</arg>
<arg>timeout=10</arg>
<doc>Waits until the element ``locator`` is visible.</doc>
<status status="PASS" starttime="20210830 10:15:52.902" endtime="20210830 10:15:52.927"/>
</kw>
<status status="PASS" starttime="20210830 10:15:52.831" endtime="20210830 10:15:52.927"/>
</kw>
<kw name="Fechar navegador" library="Resource" type="TEARDOWN">
<kw name="Close Browser" library="SeleniumLibrary">
<doc>Closes the current browser.</doc>
<status status="PASS" starttime="20210830 10:15:52.927" endtime="20210830 10:15:54.846"/>
</kw>
<status status="PASS" starttime="20210830 10:15:52.927" endtime="20210830 10:15:54.846"/>
</kw>
<status status="PASS" starttime="20210830 10:15:34.333" endtime="20210830 10:15:54.846"/>
</test>
<test id="s1-t3" name="Pesquisar produto 03">
<kw name="Abrir navegador" library="Resource" type="SETUP">
<kw name="Open Browser" library="SeleniumLibrary">
<arg>${URL}</arg>
<arg>${BROWSER}</arg>
<doc>Opens a new browser instance to the optional ``url``.</doc>
<msg timestamp="20210830 10:15:54.846" level="INFO">Opening browser 'firefox' to base url 'https://www.kabum.com.br/'.</msg>
<msg timestamp="20210830 10:15:54.846" level="INFO">Firefox driver log is always forced to to: D:\DesafioTeste\Desafio\results\geckodriver-3.log</msg>
<status status="PASS" starttime="20210830 10:15:54.846" endtime="20210830 10:16:11.709"/>
</kw>
<status status="PASS" starttime="20210830 10:15:54.846" endtime="20210830 10:16:11.709"/>
</kw>
<kw name="Verificar se a página foi carregada" library="Resource">
<kw name="Title Should Be" library="SeleniumLibrary">
<arg>KaBuM! | Maior E-commerce de Tecnologia e Games da América Latina</arg>
<doc>Verifies that the current page title equals ``title``.</doc>
<msg timestamp="20210830 10:16:11.721" level="INFO">Page title is 'KaBuM! | Maior E-commerce de Tecnologia e Games da América Latina'.</msg>
<status status="PASS" starttime="20210830 10:16:11.713" endtime="20210830 10:16:11.721"/>
</kw>
<kw name="Wait Until Element Is Visible" library="SeleniumLibrary">
<arg>css=#input-busca</arg>
<doc>Waits until the element ``locator`` is visible.</doc>
<status status="PASS" starttime="20210830 10:16:11.721" endtime="20210830 10:16:11.765"/>
</kw>
<status status="PASS" starttime="20210830 10:16:11.709" endtime="20210830 10:16:11.765"/>
</kw>
<kw name="Digitar o produto &quot;Smartphone Xiaomi Redmi Note 9&quot;" library="Resource" sourcename="Digitar o produto &quot;${PRODUTO}&quot;">
<kw name="Input Text" library="SeleniumLibrary">
<arg>id=input-busca</arg>
<arg>${PRODUTO}</arg>
<doc>Types the given ``text`` into the text field identified by ``locator``.</doc>
<msg timestamp="20210830 10:16:11.765" level="INFO">Typing text 'Smartphone Xiaomi Redmi Note 9' into text field 'id=input-busca'.</msg>
<status status="PASS" starttime="20210830 10:16:11.765" endtime="20210830 10:16:11.865"/>
</kw>
<status status="PASS" starttime="20210830 10:16:11.765" endtime="20210830 10:16:11.869"/>
</kw>
<kw name="Clicar no botão pesquisar" library="Resource">
<kw name="Click Element" library="SeleniumLibrary">
<arg>css=#barraBuscaKabum &gt; div &gt; form &gt; button</arg>
<doc>Click the element identified by ``locator``.</doc>
<msg timestamp="20210830 10:16:11.869" level="INFO">Clicking element 'css=#barraBuscaKabum &gt; div &gt; form &gt; button'.</msg>
<status status="PASS" starttime="20210830 10:16:11.869" endtime="20210830 10:16:15.001"/>
</kw>
<status status="PASS" starttime="20210830 10:16:11.869" endtime="20210830 10:16:15.001"/>
</kw>
<kw name="Conferir se o produto Smartphone Xiaomi Redmi Note 9 foi localizado" library="Resource">
<kw name="Title Should Be" library="SeleniumLibrary">
<arg>KaBuM! | Maior E-commerce de Tecnologia e Games da América Latina</arg>
<doc>Verifies that the current page title equals ``title``.</doc>
<msg timestamp="20210830 10:16:15.013" level="INFO">Page title is 'KaBuM! | Maior E-commerce de Tecnologia e Games da América Latina'.</msg>
<status status="PASS" starttime="20210830 10:16:15.005" endtime="20210830 10:16:15.013"/>
</kw>
<kw name="Wait Until Element Is Visible" library="SeleniumLibrary">
<arg>css=#input-busca</arg>
<doc>Waits until the element ``locator`` is visible.</doc>
<status status="PASS" starttime="20210830 10:16:15.013" endtime="20210830 10:16:15.041"/>
</kw>
<kw name="Wait Until Element Is Visible" library="SeleniumLibrary">
<arg>css=#listingBreadcrumbs</arg>
<doc>Waits until the element ``locator`` is visible.</doc>
<status status="PASS" starttime="20210830 10:16:15.041" endtime="20210830 10:16:15.077"/>
</kw>
<kw name="Wait Until Element Is Visible" library="SeleniumLibrary">
<arg>xpath=//*[@id="listing"]/article/section/div[2]/div/main/div[1]/a/img[@src="https://images.kabum.com.br/produtos/fotos/sync_mirakl/117881/Smartphone-Redmi-Note-9-Processador-Octa-Core-2-0GHz-4GB-Ram-128GB-C-mera-Quad-48-8-2-2-MP-Tela-de-6-53-Cinza-Vers-o-Global_1629481142_m.jpg"]</arg>
<arg>timeout=10</arg>
<doc>Waits until the element ``locator`` is visible.</doc>
<kw name="Capture Page Screenshot" library="SeleniumLibrary">
<doc>Takes a screenshot of the current page and embeds it into a log file.</doc>
<msg timestamp="20210830 10:16:25.295" level="INFO" html="true">&lt;/td&gt;&lt;/tr&gt;&lt;tr&gt;&lt;td colspan="3"&gt;&lt;a href="selenium-screenshot-1.png"&gt;&lt;img src="selenium-screenshot-1.png" width="800px"&gt;&lt;/a&gt;</msg>
<status status="PASS" starttime="20210830 10:16:25.118" endtime="20210830 10:16:25.295"/>
</kw>
<msg timestamp="20210830 10:16:25.297" level="FAIL">Element 'xpath=//*[@id="listing"]/article/section/div[2]/div/main/div[1]/a/img[@src="https://images.kabum.com.br/produtos/fotos/sync_mirakl/117881/Smartphone-Redmi-Note-9-Processador-Octa-Core-2-0GHz-4GB-Ram-128GB-C-mera-Quad-48-8-2-2-MP-Tela-de-6-53-Cinza-Vers-o-Global_1629481142_m.jpg"]' not visible after 10 seconds.</msg>
<status status="FAIL" starttime="20210830 10:16:15.077" endtime="20210830 10:16:25.297"/>
</kw>
<status status="FAIL" starttime="20210830 10:16:15.001" endtime="20210830 10:16:25.297"/>
</kw>
<kw name="Fechar navegador" library="Resource" type="TEARDOWN">
<kw name="Close Browser" library="SeleniumLibrary">
<doc>Closes the current browser.</doc>
<status status="PASS" starttime="20210830 10:16:25.298" endtime="20210830 10:16:26.993"/>
</kw>
<status status="PASS" starttime="20210830 10:16:25.298" endtime="20210830 10:16:26.993"/>
</kw>
<status status="FAIL" starttime="20210830 10:15:54.846" endtime="20210830 10:16:26.993">Element 'xpath=//*[@id="listing"]/article/section/div[2]/div/main/div[1]/a/img[@src="https://images.kabum.com.br/produtos/fotos/sync_mirakl/117881/Smartphone-Redmi-Note-9-Processador-Octa-Core-2-0GHz-4GB-Ram-128GB-C-mera-Quad-48-8-2-2-MP-Tela-de-6-53-Cinza-Vers-o-Global_1629481142_m.jpg"]' not visible after 10 seconds.</status>
</test>
<status status="FAIL" starttime="20210830 10:15:11.738" endtime="20210830 10:16:27.008"/>
</suite>
<statistics>
<total>
<stat pass="2" fail="1" skip="0">All Tests</stat>
</total>
<tag>
</tag>
<suite>
<stat pass="2" fail="1" skip="0" id="s1" name="TesteBuscaSite">TesteBuscaSite</stat>
</suite>
</statistics>
<errors>
</errors>
</robot>
